<?xml version="1.0" encoding="UTF-8"?>
<Site BuildName="Darwin-clang++"
	BuildStamp="20231215-0709-Experimental"
	Name="Js-MacBook-Pro.local"
	Generator="ctest-3.27.6"
	CompilerName="/usr/bin/clang++"
	CompilerVersion="14.0.0.14000029"
	OSName="macOS"
	Hostname="Js-MacBook-Pro.local"
	OSRelease="12.6.8"
	OSVersion="21G725"
	OSPlatform="x86_64"
	Is64Bits="1"
	VendorString="GenuineIntel"
	VendorID="Intel Corporation"
	FamilyID="6"
	ModelID="61"
	ProcessorCacheSize="32768"
	NumberOfLogicalCPU="4"
	NumberOfPhysicalCPU="2"
	TotalVirtualMemory="1024"
	TotalPhysicalMemory="8192"
	LogicalProcessorsPerPhysical="8"
	ProcessorClockFrequency="2700"
	>
	<Testing>
		<StartDateTime>Dec 15 13:04 PST</StartDateTime>
		<StartTestTime>1702674258</StartTestTime>
		<TestList/>
		<EndDateTime>Dec 15 13:04 PST</EndDateTime>
		<EndTestTime>1702674258</EndTestTime>
		<ElapsedMinutes>0</ElapsedMinutes>
	</Testing>
</Site>
